<?xml version="1.0" encoding="UTF-8"?>
<!-- Generated by org.testng.reporters.JUnitXMLReporter -->
<testsuite ignored="0" hostname="LAPTOP-6IAG9FSB" failures="0" tests="5" name="Default test" time="31.338" errors="0" timestamp="05 Aug. 2022 08:12:54 GMT">
  <testcase classname="com.crm.qa.testcases.NewContactPageTest" name="validateCreateNewContactTest" time="0.036"/>
  <testcase classname="com.crm.qa.testcases.NewContactPageTest" name="createNewContactTest" time="1.146"/>
  <testcase classname="com.crm.qa.testcases.NewContactPageTest" name="createNewContactTest" time="0.832"/>
  <testcase classname="com.crm.qa.testcases.NewContactPageTest" name="createNewContactTest" time="1.19"/>
  <testcase classname="com.crm.qa.testcases.NewContactPageTest" name="createNewContactTest" time="1.131"/>
</testsuite> <!-- Default test -->
