<?xml version="1.0" encoding="UTF-8"?>
<!-- Generated by org.testng.reporters.JUnitXMLReporter -->
<testsuite ignored="0" hostname="LAPTOP-6IAG9FSB" failures="0" tests="4" name="Test" time="18.7" errors="0" timestamp="05 Aug. 2022 08:53:54 GMT">
  <testcase classname="com.crm.qa.testcases.ContactsPageTest" name="verifyContactsPageLabelTest" time="0.032"/>
  <testcase classname="com.crm.qa.testcases.HomePageTest" name="verifyHomePageTitleTest" time="0.003"/>
  <testcase classname="com.crm.qa.testcases.LoginPageTest" name="loginPageTitleTest" time="0.002"/>
  <testcase classname="com.crm.qa.testcases.NewContactPageTest" name="validateCreateNewContactTest" time="0.016"/>
</testsuite> <!-- Test -->
