<?xml version="1.0" encoding="UTF-8"?>
<testng-results ignored="0" total="4" passed="4" failed="0" skipped="0">
  <reporter-output>
  </reporter-output>
  <suite started-at="2022-08-05T08:53:35Z" name="Suite" finished-at="2022-08-05T08:53:54Z" duration-ms="18700">
    <groups>
    </groups>
    <test started-at="2022-08-05T08:53:35Z" name="Test" finished-at="2022-08-05T08:53:54Z" duration-ms="18700">
      <class name="com.crm.qa.testcases.NewContactPageTest">
        <test-method is-config="true" signature="setUp()[pri:0, instance:com.crm.qa.testcases.NewContactPageTest@41294f8]" started-at="2022-08-05T08:53:48Z" name="setUp" finished-at="2022-08-05T08:53:53Z" duration-ms="4743" status="PASS">
          <reporter-output>
          </reporter-output>
        </test-method> <!-- setUp -->
        <test-method signature="validateCreateNewContactTest()[pri:1, instance:com.crm.qa.testcases.NewContactPageTest@41294f8]" started-at="2022-08-05T08:53:53Z" name="validateCreateNewContactTest" finished-at="2022-08-05T08:53:53Z" duration-ms="16" status="PASS">
          <reporter-output>
          </reporter-output>
        </test-method> <!-- validateCreateNewContactTest -->
        <test-method is-config="true" signature="tearDown()[pri:0, instance:com.crm.qa.testcases.NewContactPageTest@41294f8]" started-at="2022-08-05T08:53:53Z" name="tearDown" finished-at="2022-08-05T08:53:54Z" duration-ms="548" status="PASS">
          <reporter-output>
          </reporter-output>
        </test-method> <!-- tearDown -->
      </class> <!-- com.crm.qa.testcases.NewContactPageTest -->
      <class name="com.crm.qa.testcases.HomePageTest">
        <test-method is-config="true" signature="setUp()[pri:0, instance:com.crm.qa.testcases.HomePageTest@2141a12]" started-at="2022-08-05T08:53:40Z" name="setUp" finished-at="2022-08-05T08:53:44Z" duration-ms="3652" status="PASS">
          <reporter-output>
          </reporter-output>
        </test-method> <!-- setUp -->
        <test-method signature="verifyHomePageTitleTest()[pri:1, instance:com.crm.qa.testcases.HomePageTest@2141a12]" started-at="2022-08-05T08:53:44Z" name="verifyHomePageTitleTest" finished-at="2022-08-05T08:53:44Z" duration-ms="3" status="PASS">
          <reporter-output>
          </reporter-output>
        </test-method> <!-- verifyHomePageTitleTest -->
        <test-method is-config="true" signature="tearDown()[pri:0, instance:com.crm.qa.testcases.HomePageTest@2141a12]" started-at="2022-08-05T08:53:44Z" name="tearDown" finished-at="2022-08-05T08:53:44Z" duration-ms="559" status="PASS">
          <reporter-output>
          </reporter-output>
        </test-method> <!-- tearDown -->
      </class> <!-- com.crm.qa.testcases.HomePageTest -->
      <class name="com.crm.qa.testcases.ContactsPageTest">
        <test-method is-config="true" signature="setUp()[pri:0, instance:com.crm.qa.testcases.ContactsPageTest@7fcf2fc1]" started-at="2022-08-05T08:53:35Z" name="setUp" finished-at="2022-08-05T08:53:40Z" duration-ms="4747" status="PASS">
          <reporter-output>
          </reporter-output>
        </test-method> <!-- setUp -->
        <test-method signature="verifyContactsPageLabelTest()[pri:1, instance:com.crm.qa.testcases.ContactsPageTest@7fcf2fc1]" started-at="2022-08-05T08:53:40Z" name="verifyContactsPageLabelTest" finished-at="2022-08-05T08:53:40Z" duration-ms="32" status="PASS">
          <reporter-output>
          </reporter-output>
        </test-method> <!-- verifyContactsPageLabelTest -->
        <test-method is-config="true" signature="tearDown()[pri:0, instance:com.crm.qa.testcases.ContactsPageTest@7fcf2fc1]" started-at="2022-08-05T08:53:40Z" name="tearDown" finished-at="2022-08-05T08:53:40Z" duration-ms="563" status="PASS">
          <reporter-output>
          </reporter-output>
        </test-method> <!-- tearDown -->
      </class> <!-- com.crm.qa.testcases.ContactsPageTest -->
      <class name="com.crm.qa.testcases.LoginPageTest">
        <test-method is-config="true" signature="setUp()[pri:0, instance:com.crm.qa.testcases.LoginPageTest@4196c360]" started-at="2022-08-05T08:53:44Z" name="setUp" finished-at="2022-08-05T08:53:48Z" duration-ms="3273" status="PASS">
          <reporter-output>
          </reporter-output>
        </test-method> <!-- setUp -->
        <test-method signature="loginPageTitleTest()[pri:1, instance:com.crm.qa.testcases.LoginPageTest@4196c360]" started-at="2022-08-05T08:53:48Z" name="loginPageTitleTest" finished-at="2022-08-05T08:53:48Z" duration-ms="2" status="PASS">
          <reporter-output>
          </reporter-output>
        </test-method> <!-- loginPageTitleTest -->
        <test-method is-config="true" signature="tearDown()[pri:0, instance:com.crm.qa.testcases.LoginPageTest@4196c360]" started-at="2022-08-05T08:53:48Z" name="tearDown" finished-at="2022-08-05T08:53:48Z" duration-ms="546" status="PASS">
          <reporter-output>
          </reporter-output>
        </test-method> <!-- tearDown -->
      </class> <!-- com.crm.qa.testcases.LoginPageTest -->
    </test> <!-- Test -->
  </suite> <!-- Suite -->
</testng-results>
